[0m15:14:29.043604 [debug] [MainThread]: Sending event: {'category': 'dbt', 'action': 'invocation', 'label': 'start', 'context': [<snowplow_tracker.self_describing_json.SelfDescribingJson object at 0x000001AD128F06B0>, <snowplow_tracker.self_describing_json.SelfDescribingJson object at 0x000001AD12374DD0>, <snowplow_tracker.self_describing_json.SelfDescribingJson object at 0x000001AD12377890>]}


============================== 15:14:29.048847 | 9fc80e86-f901-49a0-96c0-a4c0ec9652ef ==============================
[0m15:14:29.048847 [info ] [MainThread]: Running with dbt=1.11.11
[0m15:14:29.050980 [debug] [MainThread]: running dbt with arguments {'static_parser': 'True', 'no_print': 'None', 'version_check': 'True', 'warn_error_options': 'WarnErrorOptionsV2(error=[], warn=[], silence=[])', 'target_path': 'None', 'printer_width': '80', 'write_json': 'True', 'empty': 'None', 'log_cache_events': 'False', 'introspect': 'True', 'cache_selected_only': 'False', 'fail_fast': 'False', 'debug': 'False', 'log_format': 'default', 'profiles_dir': 'C:\\Users\\user\\.dbt', 'send_anonymous_usage_stats': 'True', 'quiet': 'False', 'warn_error': 'None', 'partial_parse': 'True', 'indirect_selection': 'eager', 'invocation_command': 'dbt init movielens_dbt', 'use_colors': 'True', 'use_experimental_parser': 'False', 'log_path': 'logs'}
[0m15:14:29.074109 [debug] [MainThread]: Starter project path: C:\Users\user\movie-lens-end-to-end-data-pipeline\venv\Lib\site-packages\dbt\include\starter_project
[0m15:14:29.098053 [info ] [MainThread]: 
Your new dbt project "movielens_dbt" was created!

For more information on how to configure the profiles.yml file,
please consult the dbt documentation here:

  https://docs.getdbt.com/docs/configure-your-profile

One more thing:

Need help? Don't hesitate to reach out to us via GitHub issues or on Slack:

  https://community.getdbt.com/

Happy modeling!

[0m15:14:29.099304 [info ] [MainThread]: Setting up your profile.
[0m15:14:32.776447 [debug] [MainThread]: Snowflake adapter: Setting snowflake.connector to ERROR (file logging only)
[0m15:14:32.776447 [debug] [MainThread]: Snowflake adapter: Setting botocore to ERROR (file logging only)
[0m15:14:32.777487 [debug] [MainThread]: Snowflake adapter: Setting boto3 to ERROR (file logging only)
[0m15:30:28.466099 [info ] [MainThread]: Profile movielens_dbt written to C:\Users\user\.dbt\profiles.yml using target's profile_template.yml and your supplied values. Run 'dbt debug' to validate the connection.
[0m15:30:28.519499 [debug] [MainThread]: Command `dbt init` succeeded at 15:30:28.518181 after 959.63 seconds
[0m15:30:28.526131 [debug] [MainThread]: Sending event: {'category': 'dbt', 'action': 'invocation', 'label': 'end', 'context': [<snowplow_tracker.self_describing_json.SelfDescribingJson object at 0x000001AD131973E0>, <snowplow_tracker.self_describing_json.SelfDescribingJson object at 0x000001AD14B7DDF0>, <snowplow_tracker.self_describing_json.SelfDescribingJson object at 0x000001AD14A69D00>]}
[0m15:30:28.531127 [debug] [MainThread]: Flushing usage events
[0m15:30:29.837711 [debug] [MainThread]: An error was encountered while trying to flush usage events
